3 2 24 25
5 3 1 25 26 24
5 4 2 26 27 25
5 5 3 27 28 26
5 6 4 28 29 27
5 7 5 29 30 28
5 8 6 30 31 29
5 9 7 31 32 30
5 10 8 32 33 31
5 11 9 33 34 32
5 12 10 34 35 33
5 13 11 35 36 34
5 14 12 36 37 35
5 15 13 37 38 36
5 16 14 38 39 37
5 17 15 39 40 38
5 18 16 40 41 39
5 19 17 41 42 40
5 20 18 42 43 41
5 21 19 43 44 42
5 22 20 44 45 43
5 23 21 45 46 44
3 22 46 45
5 25 1 47 2 48
8 26 24 2 48 3 1 49 47
8 27 25 3 49 4 2 50 48
8 28 26 4 50 5 3 51 49
8 29 27 5 51 6 4 52 50
8 30 28 6 52 7 5 53 51
8 31 29 7 53 8 6 54 52
8 32 30 8 54 9 7 55 53
8 33 31 9 55 10 8 56 54
8 34 32 10 56 11 9 57 55
8 35 33 11 57 12 10 58 56
8 36 34 12 58 13 11 59 57
8 37 35 13 59 14 12 60 58
8 38 36 14 60 15 13 61 59
8 39 37 15 61 16 14 62 60
8 40 38 16 62 17 15 63 61
8 41 39 17 63 18 16 64 62
8 42 40 18 64 19 17 65 63
8 43 41 19 65 20 18 66 64
8 44 42 20 66 21 19 67 65
8 45 43 21 67 22 20 68 66
8 46 44 22 68 23 21 69 67
5 45 23 69 22 68
5 48 24 70 25 71
8 49 47 25 71 26 24 72 70
8 50 48 26 72 27 25 73 71
8 51 49 27 73 28 26 74 72
8 52 50 28 74 29 27 75 73
8 53 51 29 75 30 28 76 74
8 54 52 30 76 31 29 77 75
8 55 53 31 77 32 30 78 76
8 56 54 32 78 33 31 79 77
8 57 55 33 79 34 32 80 78
8 58 56 34 80 35 33 81 79
8 59 57 35 81 36 34 82 80
8 60 58 36 82 37 35 83 81
8 61 59 37 83 38 36 84 82
8 62 60 38 84 39 37 85 83
8 63 61 39 85 40 38 86 84
8 64 62 40 86 41 39 87 85
8 65 63 41 87 42 40 88 86
8 66 64 42 88 43 41 89 87
8 67 65 43 89 44 42 90 88
8 68 66 44 90 45 43 91 89
8 69 67 45 91 46 44 92 90
5 68 46 92 45 91
5 71 47 93 48 94
8 72 70 48 94 49 47 95 93
8 73 71 49 95 50 48 96 94
8 74 72 50 96 51 49 97 95
8 75 73 51 97 52 50 98 96
8 76 74 52 98 53 51 99 97
8 77 75 53 99 54 52 100 98
8 78 76 54 100 55 53 101 99
8 79 77 55 101 56 54 102 100
8 80 78 56 102 57 55 103 101
8 81 79 57 103 58 56 104 102
8 82 80 58 104 59 57 105 103
8 83 81 59 105 60 58 106 104
8 84 82 60 106 61 59 107 105
8 85 83 61 107 62 60 108 106
8 86 84 62 108 63 61 109 107
8 87 85 63 109 64 62 110 108
8 88 86 64 110 65 63 111 109
8 89 87 65 111 66 64 112 110
8 90 88 66 112 67 65 113 111
8 91 89 67 113 68 66 114 112
8 92 90 68 114 69 67 115 113
5 91 69 115 68 114
5 94 70 116 71 117
8 95 93 71 117 72 70 118 116
8 96 94 72 118 73 71 119 117
8 97 95 73 119 74 72 120 118
8 98 96 74 120 75 73 121 119
8 99 97 75 121 76 74 122 120
8 100 98 76 122 77 75 123 121
8 101 99 77 123 78 76 124 122
8 102 100 78 124 79 77 125 123
8 103 101 79 125 80 78 126 124
8 104 102 80 126 81 79 127 125
8 105 103 81 127 82 80 128 126
8 106 104 82 128 83 81 129 127
8 107 105 83 129 84 82 130 128
8 108 106 84 130 85 83 131 129
8 109 107 85 131 86 84 132 130
8 110 108 86 132 87 85 133 131
8 111 109 87 133 88 86 134 132
8 112 110 88 134 89 87 135 133
8 113 111 89 135 90 88 136 134
8 114 112 90 136 91 89 137 135
8 115 113 91 137 92 90 138 136
5 114 92 138 91 137
5 117 93 139 94 140
8 118 116 94 140 95 93 141 139
8 119 117 95 141 96 94 142 140
8 120 118 96 142 97 95 143 141
8 121 119 97 143 98 96 144 142
8 122 120 98 144 99 97 145 143
8 123 121 99 145 100 98 146 144
8 124 122 100 146 101 99 147 145
8 125 123 101 147 102 100 148 146
8 126 124 102 148 103 101 149 147
8 127 125 103 149 104 102 150 148
8 128 126 104 150 105 103 151 149
8 129 127 105 151 106 104 152 150
8 130 128 106 152 107 105 153 151
8 131 129 107 153 108 106 154 152
8 132 130 108 154 109 107 155 153
8 133 131 109 155 110 108 156 154
8 134 132 110 156 111 109 157 155
8 135 133 111 157 112 110 158 156
8 136 134 112 158 113 111 159 157
8 137 135 113 159 114 112 160 158
8 138 136 114 160 115 113 161 159
5 137 115 161 114 160
5 140 116 162 117 163
8 141 139 117 163 118 116 164 162
8 142 140 118 164 119 117 165 163
8 143 141 119 165 120 118 166 164
8 144 142 120 166 121 119 167 165
8 145 143 121 167 122 120 168 166
8 146 144 122 168 123 121 169 167
8 147 145 123 169 124 122 170 168
8 148 146 124 170 125 123 171 169
8 149 147 125 171 126 124 172 170
8 150 148 126 172 127 125 173 171
8 151 149 127 173 128 126 174 172
8 152 150 128 174 129 127 175 173
8 153 151 129 175 130 128 176 174
8 154 152 130 176 131 129 177 175
8 155 153 131 177 132 130 178 176
8 156 154 132 178 133 131 179 177
8 157 155 133 179 134 132 180 178
8 158 156 134 180 135 133 181 179
8 159 157 135 181 136 134 182 180
8 160 158 136 182 137 135 183 181
8 161 159 137 183 138 136 184 182
5 160 138 184 137 183
5 163 139 185 140 186
8 164 162 140 186 141 139 187 185
8 165 163 141 187 142 140 188 186
8 166 164 142 188 143 141 189 187
8 167 165 143 189 144 142 190 188
8 168 166 144 190 145 143 191 189
8 169 167 145 191 146 144 192 190
8 170 168 146 192 147 145 193 191
8 171 169 147 193 148 146 194 192
8 172 170 148 194 149 147 195 193
8 173 171 149 195 150 148 196 194
8 174 172 150 196 151 149 197 195
8 175 173 151 197 152 150 198 196
8 176 174 152 198 153 151 199 197
8 177 175 153 199 154 152 200 198
8 178 176 154 200 155 153 201 199
8 179 177 155 201 156 154 202 200
8 180 178 156 202 157 155 203 201
8 181 179 157 203 158 156 204 202
8 182 180 158 204 159 157 205 203
8 183 181 159 205 160 158 206 204
8 184 182 160 206 161 159 207 205
5 183 161 207 160 206
5 186 162 208 163 209
8 187 185 163 209 164 162 210 208
8 188 186 164 210 165 163 211 209
8 189 187 165 211 166 164 212 210
8 190 188 166 212 167 165 213 211
8 191 189 167 213 168 166 214 212
8 192 190 168 214 169 167 215 213
8 193 191 169 215 170 168 216 214
8 194 192 170 216 171 169 217 215
8 195 193 171 217 172 170 218 216
8 196 194 172 218 173 171 219 217
8 197 195 173 219 174 172 220 218
8 198 196 174 220 175 173 221 219
8 199 197 175 221 176 174 222 220
8 200 198 176 222 177 175 223 221
8 201 199 177 223 178 176 224 222
8 202 200 178 224 179 177 225 223
8 203 201 179 225 180 178 226 224
8 204 202 180 226 181 179 227 225
8 205 203 181 227 182 180 228 226
8 206 204 182 228 183 181 229 227
8 207 205 183 229 184 182 230 228
5 206 184 230 183 229
5 209 185 231 186 232
8 210 208 186 232 187 185 233 231
8 211 209 187 233 188 186 234 232
8 212 210 188 234 189 187 235 233
8 213 211 189 235 190 188 236 234
8 214 212 190 236 191 189 237 235
8 215 213 191 237 192 190 238 236
8 216 214 192 238 193 191 239 237
8 217 215 193 239 194 192 240 238
8 218 216 194 240 195 193 241 239
8 219 217 195 241 196 194 242 240
8 220 218 196 242 197 195 243 241
8 221 219 197 243 198 196 244 242
8 222 220 198 244 199 197 245 243
8 223 221 199 245 200 198 246 244
8 224 222 200 246 201 199 247 245
8 225 223 201 247 202 200 248 246
8 226 224 202 248 203 201 249 247
8 227 225 203 249 204 202 250 248
8 228 226 204 250 205 203 251 249
8 229 227 205 251 206 204 252 250
8 230 228 206 252 207 205 253 251
5 229 207 253 206 252
5 232 208 254 209 255
8 233 231 209 255 210 208 256 254
8 234 232 210 256 211 209 257 255
8 235 233 211 257 212 210 258 256
8 236 234 212 258 213 211 259 257
8 237 235 213 259 214 212 260 258
8 238 236 214 260 215 213 261 259
8 239 237 215 261 216 214 262 260
8 240 238 216 262 217 215 263 261
8 241 239 217 263 218 216 264 262
8 242 240 218 264 219 217 265 263
8 243 241 219 265 220 218 266 264
8 244 242 220 266 221 219 267 265
8 245 243 221 267 222 220 268 266
8 246 244 222 268 223 221 269 267
8 247 245 223 269 224 222 270 268
8 248 246 224 270 225 223 271 269
8 249 247 225 271 226 224 272 270
8 250 248 226 272 227 225 273 271
8 251 249 227 273 228 226 274 272
8 252 250 228 274 229 227 275 273
8 253 251 229 275 230 228 276 274
5 252 230 276 229 275
5 255 231 277 232 278
8 256 254 232 278 233 231 279 277
8 257 255 233 279 234 232 280 278
8 258 256 234 280 235 233 281 279
8 259 257 235 281 236 234 282 280
8 260 258 236 282 237 235 283 281
8 261 259 237 283 238 236 284 282
8 262 260 238 284 239 237 285 283
8 263 261 239 285 240 238 286 284
8 264 262 240 286 241 239 287 285
8 265 263 241 287 242 240 288 286
8 266 264 242 288 243 241 289 287
8 267 265 243 289 244 242 290 288
8 268 266 244 290 245 243 291 289
8 269 267 245 291 246 244 292 290
8 270 268 246 292 247 245 293 291
8 271 269 247 293 248 246 294 292
8 272 270 248 294 249 247 295 293
8 273 271 249 295 250 248 296 294
8 274 272 250 296 251 249 297 295
8 275 273 251 297 252 250 298 296
8 276 274 252 298 253 251 299 297
5 275 253 299 252 298
5 278 254 300 255 301
8 279 277 255 301 256 254 302 300
8 280 278 256 302 257 255 303 301
8 281 279 257 303 258 256 304 302
8 282 280 258 304 259 257 305 303
8 283 281 259 305 260 258 306 304
8 284 282 260 306 261 259 307 305
8 285 283 261 307 262 260 308 306
8 286 284 262 308 263 261 309 307
8 287 285 263 309 264 262 310 308
8 288 286 264 310 265 263 311 309
8 289 287 265 311 266 264 312 310
8 290 288 266 312 267 265 313 311
8 291 289 267 313 268 266 314 312
8 292 290 268 314 269 267 315 313
8 293 291 269 315 270 268 316 314
8 294 292 270 316 271 269 317 315
8 295 293 271 317 272 270 318 316
8 296 294 272 318 273 271 319 317
8 297 295 273 319 274 272 320 318
8 298 296 274 320 275 273 321 319
8 299 297 275 321 276 274 322 320
5 298 276 322 275 321
5 301 277 323 278 324
8 302 300 278 324 279 277 325 323
8 303 301 279 325 280 278 326 324
8 304 302 280 326 281 279 327 325
8 305 303 281 327 282 280 328 326
8 306 304 282 328 283 281 329 327
8 307 305 283 329 284 282 330 328
8 308 306 284 330 285 283 331 329
8 309 307 285 331 286 284 332 330
8 310 308 286 332 287 285 333 331
8 311 309 287 333 288 286 334 332
8 312 310 288 334 289 287 335 333
8 313 311 289 335 290 288 336 334
8 314 312 290 336 291 289 337 335
8 315 313 291 337 292 290 338 336
8 316 314 292 338 293 291 339 337
8 317 315 293 339 294 292 340 338
8 318 316 294 340 295 293 341 339
8 319 317 295 341 296 294 342 340
8 320 318 296 342 297 295 343 341
8 321 319 297 343 298 296 344 342
8 322 320 298 344 299 297 345 343
5 321 299 345 298 344
5 324 300 346 301 347
8 325 323 301 347 302 300 348 346
8 326 324 302 348 303 301 349 347
8 327 325 303 349 304 302 350 348
8 328 326 304 350 305 303 351 349
8 329 327 305 351 306 304 352 350
8 330 328 306 352 307 305 353 351
8 331 329 307 353 308 306 354 352
8 332 330 308 354 309 307 355 353
8 333 331 309 355 310 308 356 354
8 334 332 310 356 311 309 357 355
8 335 333 311 357 312 310 358 356
8 336 334 312 358 313 311 359 357
8 337 335 313 359 314 312 360 358
8 338 336 314 360 315 313 361 359
8 339 337 315 361 316 314 362 360
8 340 338 316 362 317 315 363 361
8 341 339 317 363 318 316 364 362
8 342 340 318 364 319 317 365 363
8 343 341 319 365 320 318 366 364
8 344 342 320 366 321 319 367 365
8 345 343 321 367 322 320 368 366
5 344 322 368 321 367
5 347 323 369 324 370
8 348 346 324 370 325 323 371 369
8 349 347 325 371 326 324 372 370
8 350 348 326 372 327 325 373 371
8 351 349 327 373 328 326 374 372
8 352 350 328 374 329 327 375 373
8 353 351 329 375 330 328 376 374
8 354 352 330 376 331 329 377 375
8 355 353 331 377 332 330 378 376
8 356 354 332 378 333 331 379 377
8 357 355 333 379 334 332 380 378
8 358 356 334 380 335 333 381 379
8 359 357 335 381 336 334 382 380
8 360 358 336 382 337 335 383 381
8 361 359 337 383 338 336 384 382
8 362 360 338 384 339 337 385 383
8 363 361 339 385 340 338 386 384
8 364 362 340 386 341 339 387 385
8 365 363 341 387 342 340 388 386
8 366 364 342 388 343 341 389 387
8 367 365 343 389 344 342 390 388
8 368 366 344 390 345 343 391 389
5 367 345 391 344 390
5 370 346 392 347 393
8 371 369 347 393 348 346 394 392
8 372 370 348 394 349 347 395 393
8 373 371 349 395 350 348 396 394
8 374 372 350 396 351 349 397 395
8 375 373 351 397 352 350 398 396
8 376 374 352 398 353 351 399 397
8 377 375 353 399 354 352 400 398
8 378 376 354 400 355 353 401 399
8 379 377 355 401 356 354 402 400
8 380 378 356 402 357 355 403 401
8 381 379 357 403 358 356 404 402
8 382 380 358 404 359 357 405 403
8 383 381 359 405 360 358 406 404
8 384 382 360 406 361 359 407 405
8 385 383 361 407 362 360 408 406
8 386 384 362 408 363 361 409 407
8 387 385 363 409 364 362 410 408
8 388 386 364 410 365 363 411 409
8 389 387 365 411 366 364 412 410
8 390 388 366 412 367 365 413 411
8 391 389 367 413 368 366 414 412
5 390 368 414 367 413
5 393 369 415 370 416
8 394 392 370 416 371 369 417 415
8 395 393 371 417 372 370 418 416
8 396 394 372 418 373 371 419 417
8 397 395 373 419 374 372 420 418
8 398 396 374 420 375 373 421 419
8 399 397 375 421 376 374 422 420
8 400 398 376 422 377 375 423 421
8 401 399 377 423 378 376 424 422
8 402 400 378 424 379 377 425 423
8 403 401 379 425 380 378 426 424
8 404 402 380 426 381 379 427 425
8 405 403 381 427 382 380 428 426
8 406 404 382 428 383 381 429 427
8 407 405 383 429 384 382 430 428
8 408 406 384 430 385 383 431 429
8 409 407 385 431 386 384 432 430
8 410 408 386 432 387 385 433 431
8 411 409 387 433 388 386 434 432
8 412 410 388 434 389 387 435 433
8 413 411 389 435 390 388 436 434
8 414 412 390 436 391 389 437 435
5 413 391 437 390 436
5 416 392 438 393 439
8 417 415 393 439 394 392 440 438
8 418 416 394 440 395 393 441 439
8 419 417 395 441 396 394 442 440
8 420 418 396 442 397 395 443 441
8 421 419 397 443 398 396 444 442
8 422 420 398 444 399 397 445 443
8 423 421 399 445 400 398 446 444
8 424 422 400 446 401 399 447 445
8 425 423 401 447 402 400 448 446
8 426 424 402 448 403 401 449 447
8 427 425 403 449 404 402 450 448
8 428 426 404 450 405 403 451 449
8 429 427 405 451 406 404 452 450
8 430 428 406 452 407 405 453 451
8 431 429 407 453 408 406 454 452
8 432 430 408 454 409 407 455 453
8 433 431 409 455 410 408 456 454
8 434 432 410 456 411 409 457 455
8 435 433 411 457 412 410 458 456
8 436 434 412 458 413 411 459 457
8 437 435 413 459 414 412 460 458
5 436 414 460 413 459
5 439 415 461 416 462
8 440 438 416 462 417 415 463 461
8 441 439 417 463 418 416 464 462
8 442 440 418 464 419 417 465 463
8 443 441 419 465 420 418 466 464
8 444 442 420 466 421 419 467 465
8 445 443 421 467 422 420 468 466
8 446 444 422 468 423 421 469 467
8 447 445 423 469 424 422 470 468
8 448 446 424 470 425 423 471 469
8 449 447 425 471 426 424 472 470
8 450 448 426 472 427 425 473 471
8 451 449 427 473 428 426 474 472
8 452 450 428 474 429 427 475 473
8 453 451 429 475 430 428 476 474
8 454 452 430 476 431 429 477 475
8 455 453 431 477 432 430 478 476
8 456 454 432 478 433 431 479 477
8 457 455 433 479 434 432 480 478
8 458 456 434 480 435 433 481 479
8 459 457 435 481 436 434 482 480
8 460 458 436 482 437 435 483 481
5 459 437 483 436 482
5 462 438 484 439 485
8 463 461 439 485 440 438 486 484
8 464 462 440 486 441 439 487 485
8 465 463 441 487 442 440 488 486
8 466 464 442 488 443 441 489 487
8 467 465 443 489 444 442 490 488
8 468 466 444 490 445 443 491 489
8 469 467 445 491 446 444 492 490
8 470 468 446 492 447 445 493 491
8 471 469 447 493 448 446 494 492
8 472 470 448 494 449 447 495 493
8 473 471 449 495 450 448 496 494
8 474 472 450 496 451 449 497 495
8 475 473 451 497 452 450 498 496
8 476 474 452 498 453 451 499 497
8 477 475 453 499 454 452 500 498
8 478 476 454 500 455 453 501 499
8 479 477 455 501 456 454 502 500
8 480 478 456 502 457 455 503 501
8 481 479 457 503 458 456 504 502
8 482 480 458 504 459 457 505 503
8 483 481 459 505 460 458 506 504
5 482 460 506 459 505
5 485 461 507 462 508
8 486 484 462 508 463 461 509 507
8 487 485 463 509 464 462 510 508
8 488 486 464 510 465 463 511 509
8 489 487 465 511 466 464 512 510
8 490 488 466 512 467 465 513 511
8 491 489 467 513 468 466 514 512
8 492 490 468 514 469 467 515 513
8 493 491 469 515 470 468 516 514
8 494 492 470 516 471 469 517 515
8 495 493 471 517 472 470 518 516
8 496 494 472 518 473 471 519 517
8 497 495 473 519 474 472 520 518
8 498 496 474 520 475 473 521 519
8 499 497 475 521 476 474 522 520
8 500 498 476 522 477 475 523 521
8 501 499 477 523 478 476 524 522
8 502 500 478 524 479 477 525 523
8 503 501 479 525 480 478 526 524
8 504 502 480 526 481 479 527 525
8 505 503 481 527 482 480 528 526
8 506 504 482 528 483 481 529 527
5 505 483 529 482 528
3 508 484 485
5 509 507 485 486 484
5 510 508 486 487 485
5 511 509 487 488 486
5 512 510 488 489 487
5 513 511 489 490 488
5 514 512 490 491 489
5 515 513 491 492 490
5 516 514 492 493 491
5 517 515 493 494 492
5 518 516 494 495 493
5 519 517 495 496 494
5 520 518 496 497 495
5 521 519 497 498 496
5 522 520 498 499 497
5 523 521 499 500 498
5 524 522 500 501 499
5 525 523 501 502 500
5 526 524 502 503 501
5 527 525 503 504 502
5 528 526 504 505 503
5 529 527 505 506 504
3 528 506 505
